<?xml version="1.0" encoding="UTF-8"?>
<!-- Generated by org.testng.reporters.JUnitReportReporter -->
<testsuite hostname="DESKTOP-89RMHOU" failures="0" tests="1" name="test" time="4.335" errors="0" timestamp="2023-03-19T21:28:54 EDT" skipped="0">
  <testcase classname="test" name="OperURl" time="4.335"/>
  <system-out/>
</testsuite> <!-- test -->
